<?xml version="1.0" encoding="UTF-8"?>
<robot generator="Robot 7.1.1 (Python 3.13.0 on win32)" generated="2024-10-28T22:29:15.377744" rpa="false" schemaversion="5">
<suite id="s1" name="Argumentos" source="c:\Udemy\Automação de Testes com Robot Framework - Avançado\Argumentos\argumentos.robot">
<test id="s1-t1" name="Relembrando argumentos posicionais x nomeados" line="2">
<kw name="Teste de Argumentos Básico">
<kw name="Log" owner="BuiltIn">
<msg time="2024-10-28T22:29:15.458503" level="INFO">1 - 2 - 3 - 4</msg>
<arg>${arg1} - ${arg2} - ${arg3} - ${arg4}</arg>
<doc>Logs the given message with the given level.</doc>
<status status="PASS" start="2024-10-28T22:29:15.457269" elapsed="0.006237"/>
</kw>
<arg>1</arg>
<arg>2</arg>
<arg>3</arg>
<arg>4</arg>
<status status="PASS" start="2024-10-28T22:29:15.454600" elapsed="0.009863"/>
</kw>
<kw name="Teste de Argumentos Básico">
<kw name="Log" owner="BuiltIn">
<msg time="2024-10-28T22:29:15.470784" level="INFO">4 - 3 - 2 - 1</msg>
<arg>${arg1} - ${arg2} - ${arg3} - ${arg4}</arg>
<doc>Logs the given message with the given level.</doc>
<status status="PASS" start="2024-10-28T22:29:15.468356" elapsed="0.002991"/>
</kw>
<arg>arg4=1</arg>
<arg>arg3=2</arg>
<arg>arg2=3</arg>
<arg>arg1=4</arg>
<status status="PASS" start="2024-10-28T22:29:15.465565" elapsed="0.006255"/>
</kw>
<status status="PASS" start="2024-10-28T22:29:15.449983" elapsed="0.023291"/>
</test>
<test id="s1-t2" name="Teste de Argumentos Opcionais" line="6">
<kw name="Passando argumentos opcionais como parâmetro">
<kw name="Log" owner="BuiltIn">
<msg time="2024-10-28T22:29:15.481613" level="INFO">Nome completo: Mayara silva Fernandes</msg>
<arg>Nome completo: ${nome} ${nome_do_meio} ${ultimo_nome}</arg>
<doc>Logs the given message with the given level.</doc>
<status status="PASS" start="2024-10-28T22:29:15.480714" elapsed="0.001356"/>
</kw>
<arg>nome=Mayara</arg>
<arg>ultimo_nome=Fernandes</arg>
<status status="PASS" start="2024-10-28T22:29:15.479142" elapsed="0.003352"/>
</kw>
<kw name="Passando argumentos opcionais como parâmetro">
<kw name="Log" owner="BuiltIn">
<msg time="2024-10-28T22:29:15.487023" level="INFO">Nome completo: Mayara Ribeiro Fernandes</msg>
<arg>Nome completo: ${nome} ${nome_do_meio} ${ultimo_nome}</arg>
<doc>Logs the given message with the given level.</doc>
<status status="PASS" start="2024-10-28T22:29:15.485412" elapsed="0.002087"/>
</kw>
<arg>nome=Mayara</arg>
<arg>nome_do_meio=Ribeiro</arg>
<arg>ultimo_nome=Fernandes</arg>
<status status="PASS" start="2024-10-28T22:29:15.483690" elapsed="0.004228"/>
</kw>
<status status="PASS" start="2024-10-28T22:29:15.476711" elapsed="0.012086"/>
</test>
<test id="s1-t3" name="Criando lista e dicionário via parâmetro" line="10">
<kw name="Teste Criando um Dicionário">
<kw name="Log" owner="BuiltIn">
<msg time="2024-10-28T22:29:15.502855" level="INFO">{'cwd': '/home/user', 'shell': 'True', 'env': 'False'}</msg>
<arg>${meu_dicionario}</arg>
<doc>Logs the given message with the given level.</doc>
<status status="PASS" start="2024-10-28T22:29:15.501284" elapsed="0.002458"/>
</kw>
<arg>cwd=/home/user</arg>
<arg>shell=True</arg>
<arg>env=False</arg>
<status status="PASS" start="2024-10-28T22:29:15.498657" elapsed="0.005896"/>
</kw>
<kw name="Teste Criando uma Lista">
<kw name="Log" owner="BuiltIn">
<msg time="2024-10-28T22:29:15.510465" level="INFO">['may', 'ribeiro', 'fernandes']</msg>
<arg>${minha_lista}</arg>
<doc>Logs the given message with the given level.</doc>
<status status="PASS" start="2024-10-28T22:29:15.508933" elapsed="0.002714"/>
</kw>
<arg>may</arg>
<arg>ribeiro</arg>
<arg>fernandes</arg>
<status status="PASS" start="2024-10-28T22:29:15.506775" elapsed="0.006315"/>
</kw>
<kw name="Teste Criando os dois">
<kw name="Log" owner="BuiltIn">
<msg time="2024-10-28T22:29:15.520408" level="INFO">['may', 'ribeiro', 'fernandes']
{'shell': 'True', 'env': 'False'}</msg>
<arg>${minha_lista}\n${meu_dicionario}</arg>
<doc>Logs the given message with the given level.</doc>
<status status="PASS" start="2024-10-28T22:29:15.517390" elapsed="0.003842"/>
</kw>
<arg>may</arg>
<arg>ribeiro</arg>
<arg>fernandes</arg>
<arg>shell=True</arg>
<arg>env=False</arg>
<status status="PASS" start="2024-10-28T22:29:15.514708" elapsed="0.007253"/>
</kw>
<doc>No Python é conhecido como "kwargs"</doc>
<status status="PASS" start="2024-10-28T22:29:15.494112" elapsed="0.029243"/>
</test>
<status status="PASS" start="2024-10-28T22:29:15.393044" elapsed="0.134464"/>
</suite>
<statistics>
<total>
<stat pass="3" fail="0" skip="0">All Tests</stat>
</total>
<tag>
</tag>
<suite>
<stat pass="3" fail="0" skip="0" id="s1" name="Argumentos">Argumentos</stat>
</suite>
</statistics>
<errors>
</errors>
</robot>
