<?xml version="1.0" encoding="UTF-8"?>
<robot generator="Robot 7.1.1 (Python 3.13.0 on win32)" generated="2024-12-03T12:55:05.344398" rpa="false" schemaversion="5">
<suite id="s1" name="For" source="C:\Udemy\Automação de Testes com Robot Framework - Avançado\FOR\for.robot">
<test id="s1-t1" name="Teste do novo formato do FOR" line="2">
<kw name="Novo formato do FOR de listas">
<for flavor="IN">
<iter>
<kw name="Log" owner="BuiltIn">
<msg time="2024-12-03T12:55:05.362839" level="INFO">O animal desse laço é: gato!</msg>
<arg>O animal desse laço é: ${animal}!</arg>
<doc>Logs the given message with the given level.</doc>
<status status="PASS" start="2024-12-03T12:55:05.362735" elapsed="0.000144"/>
</kw>
<kw name="Log" owner="BuiltIn">
<msg time="2024-12-03T12:55:05.363012" level="INFO">Vamos para o próximo animal da lista...</msg>
<arg>Vamos para o próximo animal da lista...</arg>
<doc>Logs the given message with the given level.</doc>
<status status="PASS" start="2024-12-03T12:55:05.362957" elapsed="0.000077"/>
</kw>
<var name="${animal}">gato</var>
<status status="PASS" start="2024-12-03T12:55:05.362574" elapsed="0.000481"/>
</iter>
<iter>
<kw name="Log" owner="BuiltIn">
<msg time="2024-12-03T12:55:05.363209" level="INFO">O animal desse laço é: cachorro!</msg>
<arg>O animal desse laço é: ${animal}!</arg>
<doc>Logs the given message with the given level.</doc>
<status status="PASS" start="2024-12-03T12:55:05.363148" elapsed="0.000080"/>
</kw>
<kw name="Log" owner="BuiltIn">
<msg time="2024-12-03T12:55:05.363310" level="INFO">Vamos para o próximo animal da lista...</msg>
<arg>Vamos para o próximo animal da lista...</arg>
<doc>Logs the given message with the given level.</doc>
<status status="PASS" start="2024-12-03T12:55:05.363270" elapsed="0.000058"/>
</kw>
<var name="${animal}">cachorro</var>
<status status="PASS" start="2024-12-03T12:55:05.363110" elapsed="0.000234"/>
</iter>
<iter>
<kw name="Log" owner="BuiltIn">
<msg time="2024-12-03T12:55:05.363468" level="INFO">O animal desse laço é: cavalo!</msg>
<arg>O animal desse laço é: ${animal}!</arg>
<doc>Logs the given message with the given level.</doc>
<status status="PASS" start="2024-12-03T12:55:05.363416" elapsed="0.000070"/>
</kw>
<kw name="Log" owner="BuiltIn">
<msg time="2024-12-03T12:55:05.363557" level="INFO">Vamos para o próximo animal da lista...</msg>
<arg>Vamos para o próximo animal da lista...</arg>
<doc>Logs the given message with the given level.</doc>
<status status="PASS" start="2024-12-03T12:55:05.363524" elapsed="0.000049"/>
</kw>
<var name="${animal}">cavalo</var>
<status status="PASS" start="2024-12-03T12:55:05.363385" elapsed="0.000202"/>
</iter>
<var>${animal}</var>
<value>gato</value>
<value>cachorro</value>
<value>cavalo</value>
<status status="PASS" start="2024-12-03T12:55:05.362491" elapsed="0.001110"/>
</for>
<status status="PASS" start="2024-12-03T12:55:05.362283" elapsed="0.001354"/>
</kw>
<kw name="Cria cadastro de produtos (FOR aninhado)">
<for flavor="IN">
<iter>
<kw name="Imprime tamanhos para o produto">
<for flavor="IN">
<iter>
<kw name="Log" owner="BuiltIn">
<msg time="2024-12-03T12:55:05.364418" level="INFO">Produto: baby look - Tam: P</msg>
<arg>Produto: ${produto} - Tam: ${tamanho}</arg>
<doc>Logs the given message with the given level.</doc>
<status status="PASS" start="2024-12-03T12:55:05.364351" elapsed="0.000091"/>
</kw>
<var name="${tamanho}">P</var>
<status status="PASS" start="2024-12-03T12:55:05.364314" elapsed="0.000148"/>
</iter>
<iter>
<kw name="Log" owner="BuiltIn">
<msg time="2024-12-03T12:55:05.364593" level="INFO">Produto: baby look - Tam: M</msg>
<arg>Produto: ${produto} - Tam: ${tamanho}</arg>
<doc>Logs the given message with the given level.</doc>
<status status="PASS" start="2024-12-03T12:55:05.364531" elapsed="0.000080"/>
</kw>
<var name="${tamanho}">M</var>
<status status="PASS" start="2024-12-03T12:55:05.364498" elapsed="0.000129"/>
</iter>
<iter>
<kw name="Log" owner="BuiltIn">
<msg time="2024-12-03T12:55:05.364750" level="INFO">Produto: baby look - Tam: G</msg>
<arg>Produto: ${produto} - Tam: ${tamanho}</arg>
<doc>Logs the given message with the given level.</doc>
<status status="PASS" start="2024-12-03T12:55:05.364692" elapsed="0.000076"/>
</kw>
<var name="${tamanho}">G</var>
<status status="PASS" start="2024-12-03T12:55:05.364662" elapsed="0.000121"/>
</iter>
<var>${tamanho}</var>
<value>P</value>
<value>M</value>
<value>G</value>
<status status="PASS" start="2024-12-03T12:55:05.364275" elapsed="0.000523"/>
</for>
<arg>${produto}</arg>
<status status="PASS" start="2024-12-03T12:55:05.364181" elapsed="0.000648"/>
</kw>
<var name="${produto}">baby look</var>
<status status="PASS" start="2024-12-03T12:55:05.364128" elapsed="0.000713"/>
</iter>
<iter>
<kw name="Imprime tamanhos para o produto">
<for flavor="IN">
<iter>
<kw name="Log" owner="BuiltIn">
<msg time="2024-12-03T12:55:05.365165" level="INFO">Produto: camiseta - Tam: P</msg>
<arg>Produto: ${produto} - Tam: ${tamanho}</arg>
<doc>Logs the given message with the given level.</doc>
<status status="PASS" start="2024-12-03T12:55:05.365102" elapsed="0.000084"/>
</kw>
<var name="${tamanho}">P</var>
<status status="PASS" start="2024-12-03T12:55:05.365068" elapsed="0.000136"/>
</iter>
<iter>
<kw name="Log" owner="BuiltIn">
<msg time="2024-12-03T12:55:05.365328" level="INFO">Produto: camiseta - Tam: M</msg>
<arg>Produto: ${produto} - Tam: ${tamanho}</arg>
<doc>Logs the given message with the given level.</doc>
<status status="PASS" start="2024-12-03T12:55:05.365269" elapsed="0.000077"/>
</kw>
<var name="${tamanho}">M</var>
<status status="PASS" start="2024-12-03T12:55:05.365240" elapsed="0.000122"/>
</iter>
<iter>
<kw name="Log" owner="BuiltIn">
<msg time="2024-12-03T12:55:05.365483" level="INFO">Produto: camiseta - Tam: G</msg>
<arg>Produto: ${produto} - Tam: ${tamanho}</arg>
<doc>Logs the given message with the given level.</doc>
<status status="PASS" start="2024-12-03T12:55:05.365427" elapsed="0.000075"/>
</kw>
<var name="${tamanho}">G</var>
<status status="PASS" start="2024-12-03T12:55:05.365398" elapsed="0.000119"/>
</iter>
<var>${tamanho}</var>
<value>P</value>
<value>M</value>
<value>G</value>
<status status="PASS" start="2024-12-03T12:55:05.365029" elapsed="0.000501"/>
</for>
<arg>${produto}</arg>
<status status="PASS" start="2024-12-03T12:55:05.364935" elapsed="0.000620"/>
</kw>
<var name="${produto}">camiseta</var>
<status status="PASS" start="2024-12-03T12:55:05.364882" elapsed="0.000686"/>
</iter>
<iter>
<kw name="Imprime tamanhos para o produto">
<for flavor="IN">
<iter>
<kw name="Log" owner="BuiltIn">
<msg time="2024-12-03T12:55:05.365860" level="INFO">Produto: blusa - Tam: P</msg>
<arg>Produto: ${produto} - Tam: ${tamanho}</arg>
<doc>Logs the given message with the given level.</doc>
<status status="PASS" start="2024-12-03T12:55:05.365799" elapsed="0.000079"/>
</kw>
<var name="${tamanho}">P</var>
<status status="PASS" start="2024-12-03T12:55:05.365770" elapsed="0.000124"/>
</iter>
<iter>
<kw name="Log" owner="BuiltIn">
<msg time="2024-12-03T12:55:05.366011" level="INFO">Produto: blusa - Tam: M</msg>
<arg>Produto: ${produto} - Tam: ${tamanho}</arg>
<doc>Logs the given message with the given level.</doc>
<status status="PASS" start="2024-12-03T12:55:05.365954" elapsed="0.000074"/>
</kw>
<var name="${tamanho}">M</var>
<status status="PASS" start="2024-12-03T12:55:05.365927" elapsed="0.000116"/>
</iter>
<iter>
<kw name="Log" owner="BuiltIn">
<msg time="2024-12-03T12:55:05.366165" level="INFO">Produto: blusa - Tam: G</msg>
<arg>Produto: ${produto} - Tam: ${tamanho}</arg>
<doc>Logs the given message with the given level.</doc>
<status status="PASS" start="2024-12-03T12:55:05.366107" elapsed="0.000075"/>
</kw>
<var name="${tamanho}">G</var>
<status status="PASS" start="2024-12-03T12:55:05.366078" elapsed="0.000119"/>
</iter>
<var>${tamanho}</var>
<value>P</value>
<value>M</value>
<value>G</value>
<status status="PASS" start="2024-12-03T12:55:05.365733" elapsed="0.000477"/>
</for>
<arg>${produto}</arg>
<status status="PASS" start="2024-12-03T12:55:05.365649" elapsed="0.000864"/>
</kw>
<var name="${produto}">blusa</var>
<status status="PASS" start="2024-12-03T12:55:05.365601" elapsed="0.000935"/>
</iter>
<var>${produto}</var>
<value>baby look</value>
<value>camiseta</value>
<value>blusa</value>
<status status="PASS" start="2024-12-03T12:55:05.364079" elapsed="0.002473"/>
</for>
<status status="PASS" start="2024-12-03T12:55:05.363973" elapsed="0.002607"/>
</kw>
<status status="PASS" start="2024-12-03T12:55:05.361787" elapsed="0.004993"/>
</test>
<test id="s1-t2" name="Teste FOR usando várias váriaveis" line="9">
<kw name="Cria dicionário de traduções">
<for flavor="IN">
<iter>
<kw name="Log" owner="BuiltIn">
<msg time="2024-12-03T12:55:05.368714" level="INFO">Animal 1:
Em inglês: cat
Em finlandês: kissa
Em português: gato</msg>
<arg>Animal ${index}:\nEm inglês: ${english}\nEm finlandês: ${finnish}\nEm português: ${portugues}</arg>
<doc>Logs the given message with the given level.</doc>
<status status="PASS" start="2024-12-03T12:55:05.368514" elapsed="0.000240"/>
</kw>
<var name="${index}">1</var>
<var name="${english}">cat</var>
<var name="${finnish}">kissa</var>
<var name="${portugues}">gato</var>
<status status="PASS" start="2024-12-03T12:55:05.368376" elapsed="0.000407"/>
</iter>
<iter>
<kw name="Log" owner="BuiltIn">
<msg time="2024-12-03T12:55:05.369065" level="INFO">Animal 2:
Em inglês: dog
Em finlandês: koira
Em português: cachorro</msg>
<arg>Animal ${index}:\nEm inglês: ${english}\nEm finlandês: ${finnish}\nEm português: ${portugues}</arg>
<doc>Logs the given message with the given level.</doc>
<status status="PASS" start="2024-12-03T12:55:05.368955" elapsed="0.000135"/>
</kw>
<var name="${index}">2</var>
<var name="${english}">dog</var>
<var name="${finnish}">koira</var>
<var name="${portugues}">cachorro</var>
<status status="PASS" start="2024-12-03T12:55:05.368906" elapsed="0.000205"/>
</iter>
<iter>
<kw name="Log" owner="BuiltIn">
<msg time="2024-12-03T12:55:05.369319" level="INFO">Animal 3:
Em inglês: horse
Em finlandês: hevonen
Em português: cavalo</msg>
<arg>Animal ${index}:\nEm inglês: ${english}\nEm finlandês: ${finnish}\nEm português: ${portugues}</arg>
<doc>Logs the given message with the given level.</doc>
<status status="PASS" start="2024-12-03T12:55:05.369224" elapsed="0.000117"/>
</kw>
<var name="${index}">3</var>
<var name="${english}">horse</var>
<var name="${finnish}">hevonen</var>
<var name="${portugues}">cavalo</var>
<status status="PASS" start="2024-12-03T12:55:05.369183" elapsed="0.000177"/>
</iter>
<var>${index}</var>
<var>${english}</var>
<var>${finnish}</var>
<var>${portugues}</var>
<value>1</value>
<value>cat</value>
<value>kissa</value>
<value>gato</value>
<value>2</value>
<value>dog</value>
<value>koira</value>
<value>cachorro</value>
<value>3</value>
<value>horse</value>
<value>hevonen</value>
<value>cavalo</value>
<status status="PASS" start="2024-12-03T12:55:05.368157" elapsed="0.001229"/>
</for>
<status status="PASS" start="2024-12-03T12:55:05.367953" elapsed="0.001482"/>
</kw>
<status status="PASS" start="2024-12-03T12:55:05.367546" elapsed="0.002183"/>
</test>
<test id="s1-t3" name="Teste FOR com numeração da lista" line="12">
<kw name="For com numeração">
<for flavor="IN ENUMERATE">
<iter>
<kw name="Log" owner="BuiltIn">
<msg time="2024-12-03T12:55:05.372216" level="INFO">Item da lista: P - Posição do item na lista: 0</msg>
<arg>Item da lista: ${item} - Posição do item na lista: ${index}</arg>
<doc>Logs the given message with the given level.</doc>
<status status="PASS" start="2024-12-03T12:55:05.372125" elapsed="0.000123"/>
</kw>
<var name="${index}">0</var>
<var name="${item}">P</var>
<status status="PASS" start="2024-12-03T12:55:05.372076" elapsed="0.000196"/>
</iter>
<iter>
<kw name="Log" owner="BuiltIn">
<msg time="2024-12-03T12:55:05.372421" level="INFO">Item da lista: M - Posição do item na lista: 1</msg>
<arg>Item da lista: ${item} - Posição do item na lista: ${index}</arg>
<doc>Logs the given message with the given level.</doc>
<status status="PASS" start="2024-12-03T12:55:05.372357" elapsed="0.000085"/>
</kw>
<var name="${index}">1</var>
<var name="${item}">M</var>
<status status="PASS" start="2024-12-03T12:55:05.372323" elapsed="0.000135"/>
</iter>
<iter>
<kw name="Log" owner="BuiltIn">
<msg time="2024-12-03T12:55:05.372596" level="INFO">Item da lista: G - Posição do item na lista: 2</msg>
<arg>Item da lista: ${item} - Posição do item na lista: ${index}</arg>
<doc>Logs the given message with the given level.</doc>
<status status="PASS" start="2024-12-03T12:55:05.372536" elapsed="0.000077"/>
</kw>
<var name="${index}">2</var>
<var name="${item}">G</var>
<status status="PASS" start="2024-12-03T12:55:05.372503" elapsed="0.000126"/>
</iter>
<iter>
<kw name="Log" owner="BuiltIn">
<msg time="2024-12-03T12:55:05.372759" level="INFO">Item da lista: GG - Posição do item na lista: 3</msg>
<arg>Item da lista: ${item} - Posição do item na lista: ${index}</arg>
<doc>Logs the given message with the given level.</doc>
<status status="PASS" start="2024-12-03T12:55:05.372702" elapsed="0.000076"/>
</kw>
<var name="${index}">3</var>
<var name="${item}">GG</var>
<status status="PASS" start="2024-12-03T12:55:05.372673" elapsed="0.000120"/>
</iter>
<iter>
<kw name="Log" owner="BuiltIn">
<msg time="2024-12-03T12:55:05.372929" level="INFO">Item da lista: XG - Posição do item na lista: 4</msg>
<arg>Item da lista: ${item} - Posição do item na lista: ${index}</arg>
<doc>Logs the given message with the given level.</doc>
<status status="PASS" start="2024-12-03T12:55:05.372864" elapsed="0.000084"/>
</kw>
<var name="${index}">4</var>
<var name="${item}">XG</var>
<status status="PASS" start="2024-12-03T12:55:05.372834" elapsed="0.000132"/>
</iter>
<iter>
<kw name="Log" owner="BuiltIn">
<msg time="2024-12-03T12:55:05.373103" level="INFO">Item da lista: XXG - Posição do item na lista: 5</msg>
<arg>Item da lista: ${item} - Posição do item na lista: ${index}</arg>
<doc>Logs the given message with the given level.</doc>
<status status="PASS" start="2024-12-03T12:55:05.373042" elapsed="0.000081"/>
</kw>
<var name="${index}">5</var>
<var name="${item}">XXG</var>
<status status="PASS" start="2024-12-03T12:55:05.373011" elapsed="0.000128"/>
</iter>
<var>${index}</var>
<var>${item}</var>
<value>P</value>
<value>M</value>
<value>G</value>
<value>GG</value>
<value>XG</value>
<value>XXG</value>
<status status="PASS" start="2024-12-03T12:55:05.371998" elapsed="0.001156"/>
</for>
<status status="PASS" start="2024-12-03T12:55:05.371855" elapsed="0.001335"/>
</kw>
<status status="PASS" start="2024-12-03T12:55:05.371196" elapsed="0.002230"/>
</test>
<test id="s1-t4" name="Teste mais opções IN RANGE" line="15">
<kw name="Tradicional">
<for flavor="IN RANGE">
<iter>
<kw name="Log" owner="BuiltIn">
<msg time="2024-12-03T12:55:05.375580" level="INFO">1</msg>
<arg>${index}</arg>
<doc>Logs the given message with the given level.</doc>
<status status="PASS" start="2024-12-03T12:55:05.375511" elapsed="0.000101"/>
</kw>
<var name="${index}">1</var>
<status status="PASS" start="2024-12-03T12:55:05.375464" elapsed="0.000169"/>
</iter>
<iter>
<kw name="Log" owner="BuiltIn">
<msg time="2024-12-03T12:55:05.375759" level="INFO">2</msg>
<arg>${index}</arg>
<doc>Logs the given message with the given level.</doc>
<status status="PASS" start="2024-12-03T12:55:05.375709" elapsed="0.000068"/>
</kw>
<var name="${index}">2</var>
<status status="PASS" start="2024-12-03T12:55:05.375675" elapsed="0.000117"/>
</iter>
<iter>
<kw name="Log" owner="BuiltIn">
<msg time="2024-12-03T12:55:05.375934" level="INFO">3</msg>
<arg>${index}</arg>
<doc>Logs the given message with the given level.</doc>
<status status="PASS" start="2024-12-03T12:55:05.375870" elapsed="0.000084"/>
</kw>
<var name="${index}">3</var>
<status status="PASS" start="2024-12-03T12:55:05.375829" elapsed="0.000143"/>
</iter>
<iter>
<kw name="Log" owner="BuiltIn">
<msg time="2024-12-03T12:55:05.376277" level="INFO">4</msg>
<arg>${index}</arg>
<doc>Logs the given message with the given level.</doc>
<status status="PASS" start="2024-12-03T12:55:05.376220" elapsed="0.000078"/>
</kw>
<var name="${index}">4</var>
<status status="PASS" start="2024-12-03T12:55:05.376181" elapsed="0.000133"/>
</iter>
<iter>
<kw name="Log" owner="BuiltIn">
<msg time="2024-12-03T12:55:05.376425" level="INFO">5</msg>
<arg>${index}</arg>
<doc>Logs the given message with the given level.</doc>
<status status="PASS" start="2024-12-03T12:55:05.376377" elapsed="0.000066"/>
</kw>
<var name="${index}">5</var>
<status status="PASS" start="2024-12-03T12:55:05.376348" elapsed="0.000111"/>
</iter>
<iter>
<kw name="Log" owner="BuiltIn">
<msg time="2024-12-03T12:55:05.376579" level="INFO">6</msg>
<arg>${index}</arg>
<doc>Logs the given message with the given level.</doc>
<status status="PASS" start="2024-12-03T12:55:05.376527" elapsed="0.000076"/>
</kw>
<var name="${index}">6</var>
<status status="PASS" start="2024-12-03T12:55:05.376495" elapsed="0.000125"/>
</iter>
<iter>
<kw name="Log" owner="BuiltIn">
<msg time="2024-12-03T12:55:05.376889" level="INFO">7</msg>
<arg>${index}</arg>
<doc>Logs the given message with the given level.</doc>
<status status="PASS" start="2024-12-03T12:55:05.376781" elapsed="0.000163"/>
</kw>
<var name="${index}">7</var>
<status status="PASS" start="2024-12-03T12:55:05.376657" elapsed="0.000309"/>
</iter>
<iter>
<kw name="Log" owner="BuiltIn">
<msg time="2024-12-03T12:55:05.377119" level="INFO">8</msg>
<arg>${index}</arg>
<doc>Logs the given message with the given level.</doc>
<status status="PASS" start="2024-12-03T12:55:05.377059" elapsed="0.000082"/>
</kw>
<var name="${index}">8</var>
<status status="PASS" start="2024-12-03T12:55:05.377019" elapsed="0.000139"/>
</iter>
<iter>
<kw name="Log" owner="BuiltIn">
<msg time="2024-12-03T12:55:05.377278" level="INFO">9</msg>
<arg>${index}</arg>
<doc>Logs the given message with the given level.</doc>
<status status="PASS" start="2024-12-03T12:55:05.377227" elapsed="0.000071"/>
</kw>
<var name="${index}">9</var>
<status status="PASS" start="2024-12-03T12:55:05.377196" elapsed="0.000118"/>
</iter>
<iter>
<kw name="Log" owner="BuiltIn">
<msg time="2024-12-03T12:55:05.377673" level="INFO">10</msg>
<arg>${index}</arg>
<doc>Logs the given message with the given level.</doc>
<status status="PASS" start="2024-12-03T12:55:05.377544" elapsed="0.000172"/>
</kw>
<var name="${index}">10</var>
<status status="PASS" start="2024-12-03T12:55:05.377351" elapsed="0.000572"/>
</iter>
<var>${index}</var>
<value>1</value>
<value>11</value>
<status status="PASS" start="2024-12-03T12:55:05.375362" elapsed="0.002599"/>
</for>
<doc>Percorre de 1 até 10</doc>
<status status="PASS" start="2024-12-03T12:55:05.375233" elapsed="0.002795"/>
</kw>
<kw name="Apenas quantidade de laços informada (limite superior)">
<for flavor="IN RANGE">
<iter>
<kw name="Log" owner="BuiltIn">
<msg time="2024-12-03T12:55:05.379884" level="INFO">0</msg>
<arg>${index}</arg>
<doc>Logs the given message with the given level.</doc>
<status status="PASS" start="2024-12-03T12:55:05.379783" elapsed="0.000135"/>
</kw>
<var name="${index}">0</var>
<status status="PASS" start="2024-12-03T12:55:05.379721" elapsed="0.000225"/>
</iter>
<iter>
<kw name="Log" owner="BuiltIn">
<msg time="2024-12-03T12:55:05.380086" level="INFO">1</msg>
<arg>${index}</arg>
<doc>Logs the given message with the given level.</doc>
<status status="PASS" start="2024-12-03T12:55:05.380030" elapsed="0.000075"/>
</kw>
<var name="${index}">1</var>
<status status="PASS" start="2024-12-03T12:55:05.379994" elapsed="0.000128"/>
</iter>
<iter>
<kw name="Log" owner="BuiltIn">
<msg time="2024-12-03T12:55:05.380237" level="INFO">2</msg>
<arg>${index}</arg>
<doc>Logs the given message with the given level.</doc>
<status status="PASS" start="2024-12-03T12:55:05.380189" elapsed="0.000065"/>
</kw>
<var name="${index}">2</var>
<status status="PASS" start="2024-12-03T12:55:05.380158" elapsed="0.000112"/>
</iter>
<iter>
<kw name="Log" owner="BuiltIn">
<msg time="2024-12-03T12:55:05.380385" level="INFO">3</msg>
<arg>${index}</arg>
<doc>Logs the given message with the given level.</doc>
<status status="PASS" start="2024-12-03T12:55:05.380334" elapsed="0.000068"/>
</kw>
<var name="${index}">3</var>
<status status="PASS" start="2024-12-03T12:55:05.380305" elapsed="0.000114"/>
</iter>
<iter>
<kw name="Log" owner="BuiltIn">
<msg time="2024-12-03T12:55:05.380524" level="INFO">4</msg>
<arg>${index}</arg>
<doc>Logs the given message with the given level.</doc>
<status status="PASS" start="2024-12-03T12:55:05.380479" elapsed="0.000061"/>
</kw>
<var name="${index}">4</var>
<status status="PASS" start="2024-12-03T12:55:05.380452" elapsed="0.000104"/>
</iter>
<iter>
<kw name="Log" owner="BuiltIn">
<msg time="2024-12-03T12:55:05.380657" level="INFO">5</msg>
<arg>${index}</arg>
<doc>Logs the given message with the given level.</doc>
<status status="PASS" start="2024-12-03T12:55:05.380614" elapsed="0.000058"/>
</kw>
<var name="${index}">5</var>
<status status="PASS" start="2024-12-03T12:55:05.380588" elapsed="0.000098"/>
</iter>
<iter>
<kw name="Log" owner="BuiltIn">
<msg time="2024-12-03T12:55:05.380784" level="INFO">6</msg>
<arg>${index}</arg>
<doc>Logs the given message with the given level.</doc>
<status status="PASS" start="2024-12-03T12:55:05.380743" elapsed="0.000056"/>
</kw>
<var name="${index}">6</var>
<status status="PASS" start="2024-12-03T12:55:05.380717" elapsed="0.000096"/>
</iter>
<iter>
<kw name="Log" owner="BuiltIn">
<msg time="2024-12-03T12:55:05.380940" level="INFO">7</msg>
<arg>${index}</arg>
<doc>Logs the given message with the given level.</doc>
<status status="PASS" start="2024-12-03T12:55:05.380892" elapsed="0.000065"/>
</kw>
<var name="${index}">7</var>
<status status="PASS" start="2024-12-03T12:55:05.380843" elapsed="0.000130"/>
</iter>
<iter>
<kw name="Log" owner="BuiltIn">
<msg time="2024-12-03T12:55:05.381085" level="INFO">8</msg>
<arg>${index}</arg>
<doc>Logs the given message with the given level.</doc>
<status status="PASS" start="2024-12-03T12:55:05.381038" elapsed="0.000064"/>
</kw>
<var name="${index}">8</var>
<status status="PASS" start="2024-12-03T12:55:05.381009" elapsed="0.000109"/>
</iter>
<iter>
<kw name="Log" owner="BuiltIn">
<msg time="2024-12-03T12:55:05.381323" level="INFO">9</msg>
<arg>${index}</arg>
<doc>Logs the given message with the given level.</doc>
<status status="PASS" start="2024-12-03T12:55:05.381264" elapsed="0.000081"/>
</kw>
<var name="${index}">9</var>
<status status="PASS" start="2024-12-03T12:55:05.381223" elapsed="0.000163"/>
</iter>
<var>${index}</var>
<value>10</value>
<status status="PASS" start="2024-12-03T12:55:05.379290" elapsed="0.002112"/>
</for>
<doc>Percorre de 0 até 9</doc>
<status status="PASS" start="2024-12-03T12:55:05.378373" elapsed="0.003065"/>
</kw>
<kw name="Aritmético">
<kw name="Set Variable" owner="BuiltIn">
<msg time="2024-12-03T12:55:05.382036" level="INFO">${var} = 5</msg>
<var>${var}</var>
<arg>${5}</arg>
<doc>Returns the given values which can then be assigned to a variables.</doc>
<status status="PASS" start="2024-12-03T12:55:05.381833" elapsed="0.000217"/>
</kw>
<for flavor="IN RANGE">
<iter>
<kw name="Log" owner="BuiltIn">
<msg time="2024-12-03T12:55:05.382257" level="INFO">0</msg>
<arg>${index}</arg>
<doc>Logs the given message with the given level.</doc>
<status status="PASS" start="2024-12-03T12:55:05.382201" elapsed="0.000076"/>
</kw>
<var name="${index}">0</var>
<status status="PASS" start="2024-12-03T12:55:05.382161" elapsed="0.000133"/>
</iter>
<iter>
<kw name="Log" owner="BuiltIn">
<msg time="2024-12-03T12:55:05.382406" level="INFO">1</msg>
<arg>${index}</arg>
<doc>Logs the given message with the given level.</doc>
<status status="PASS" start="2024-12-03T12:55:05.382359" elapsed="0.000064"/>
</kw>
<var name="${index}">1</var>
<status status="PASS" start="2024-12-03T12:55:05.382330" elapsed="0.000109"/>
</iter>
<iter>
<kw name="Log" owner="BuiltIn">
<msg time="2024-12-03T12:55:05.382645" level="INFO">2</msg>
<arg>${index}</arg>
<doc>Logs the given message with the given level.</doc>
<status status="PASS" start="2024-12-03T12:55:05.382595" elapsed="0.000067"/>
</kw>
<var name="${index}">2</var>
<status status="PASS" start="2024-12-03T12:55:05.382563" elapsed="0.000115"/>
</iter>
<iter>
<kw name="Log" owner="BuiltIn">
<msg time="2024-12-03T12:55:05.382781" level="INFO">3</msg>
<arg>${index}</arg>
<doc>Logs the given message with the given level.</doc>
<status status="PASS" start="2024-12-03T12:55:05.382738" elapsed="0.000059"/>
</kw>
<var name="${index}">3</var>
<status status="PASS" start="2024-12-03T12:55:05.382710" elapsed="0.000102"/>
</iter>
<iter>
<kw name="Log" owner="BuiltIn">
<msg time="2024-12-03T12:55:05.382921" level="INFO">4</msg>
<arg>${index}</arg>
<doc>Logs the given message with the given level.</doc>
<status status="PASS" start="2024-12-03T12:55:05.382876" elapsed="0.000061"/>
</kw>
<var name="${index}">4</var>
<status status="PASS" start="2024-12-03T12:55:05.382844" elapsed="0.000109"/>
</iter>
<iter>
<kw name="Log" owner="BuiltIn">
<msg time="2024-12-03T12:55:05.383053" level="INFO">5</msg>
<arg>${index}</arg>
<doc>Logs the given message with the given level.</doc>
<status status="PASS" start="2024-12-03T12:55:05.383010" elapsed="0.000061"/>
</kw>
<var name="${index}">5</var>
<status status="PASS" start="2024-12-03T12:55:05.382984" elapsed="0.000102"/>
</iter>
<var>${index}</var>
<value>${var} + 1</value>
<status status="PASS" start="2024-12-03T12:55:05.382080" elapsed="0.001019"/>
</for>
<doc>Percorre de 0 até 5</doc>
<status status="PASS" start="2024-12-03T12:55:05.381702" elapsed="0.001422"/>
</kw>
<kw name="Intervalos específicos">
<for flavor="IN RANGE">
<iter>
<kw name="Log" owner="BuiltIn">
<msg time="2024-12-03T12:55:05.383596" level="INFO">0</msg>
<arg>${index}</arg>
<doc>Logs the given message with the given level.</doc>
<status status="PASS" start="2024-12-03T12:55:05.383547" elapsed="0.000067"/>
</kw>
<var name="${index}">0</var>
<status status="PASS" start="2024-12-03T12:55:05.383514" elapsed="0.000117"/>
</iter>
<iter>
<kw name="Log" owner="BuiltIn">
<msg time="2024-12-03T12:55:05.383738" level="INFO">5</msg>
<arg>${index}</arg>
<doc>Logs the given message with the given level.</doc>
<status status="PASS" start="2024-12-03T12:55:05.383694" elapsed="0.000060"/>
</kw>
<var name="${index}">5</var>
<status status="PASS" start="2024-12-03T12:55:05.383665" elapsed="0.000104"/>
</iter>
<iter>
<kw name="Log" owner="BuiltIn">
<msg time="2024-12-03T12:55:05.383871" level="INFO">10</msg>
<arg>${index}</arg>
<doc>Logs the given message with the given level.</doc>
<status status="PASS" start="2024-12-03T12:55:05.383829" elapsed="0.000058"/>
</kw>
<var name="${index}">10</var>
<status status="PASS" start="2024-12-03T12:55:05.383801" elapsed="0.000100"/>
</iter>
<iter>
<kw name="Log" owner="BuiltIn">
<msg time="2024-12-03T12:55:05.384000" level="INFO">15</msg>
<arg>${index}</arg>
<doc>Logs the given message with the given level.</doc>
<status status="PASS" start="2024-12-03T12:55:05.383958" elapsed="0.000059"/>
</kw>
<var name="${index}">15</var>
<status status="PASS" start="2024-12-03T12:55:05.383932" elapsed="0.000099"/>
</iter>
<iter>
<kw name="Log" owner="BuiltIn">
<msg time="2024-12-03T12:55:05.384138" level="INFO">20</msg>
<arg>${index}</arg>
<doc>Logs the given message with the given level.</doc>
<status status="PASS" start="2024-12-03T12:55:05.384093" elapsed="0.000061"/>
</kw>
<var name="${index}">20</var>
<status status="PASS" start="2024-12-03T12:55:05.384065" elapsed="0.000104"/>
</iter>
<iter>
<kw name="Log" owner="BuiltIn">
<msg time="2024-12-03T12:55:05.384273" level="INFO">25</msg>
<arg>${index}</arg>
<doc>Logs the given message with the given level.</doc>
<status status="PASS" start="2024-12-03T12:55:05.384227" elapsed="0.000064"/>
</kw>
<var name="${index}">25</var>
<status status="PASS" start="2024-12-03T12:55:05.384201" elapsed="0.000106"/>
</iter>
<iter>
<kw name="Log" owner="BuiltIn">
<msg time="2024-12-03T12:55:05.384424" level="INFO">30</msg>
<arg>${index}</arg>
<doc>Logs the given message with the given level.</doc>
<status status="PASS" start="2024-12-03T12:55:05.384374" elapsed="0.000068"/>
</kw>
<var name="${index}">30</var>
<status status="PASS" start="2024-12-03T12:55:05.384343" elapsed="0.000115"/>
</iter>
<var>${index}</var>
<value>0</value>
<value>31</value>
<value>5</value>
<status status="PASS" start="2024-12-03T12:55:05.383441" elapsed="0.001031"/>
</for>
<doc>Percorre de 0 até 30, pulando de 5 em 5</doc>
<status status="PASS" start="2024-12-03T12:55:05.383362" elapsed="0.001141"/>
</kw>
<status status="PASS" start="2024-12-03T12:55:05.374704" elapsed="0.010046"/>
</test>
<status status="PASS" start="2024-12-03T12:55:05.346274" elapsed="0.039426"/>
</suite>
<statistics>
<total>
<stat pass="4" fail="0" skip="0">All Tests</stat>
</total>
<tag>
</tag>
<suite>
<stat pass="4" fail="0" skip="0" id="s1" name="For">For</stat>
</suite>
</statistics>
<errors>
</errors>
</robot>
